#
# There is insufficient memory for the Java Runtime Environment to continue.
# Native memory allocation (mmap) failed to map 234881024 bytes for Failed to commit area from 0x00000000e0000000 to 0x00000000ee000000 of length 234881024.
# Possible reasons:
#   The system is out of physical RAM or swap space
#   The process is running with CompressedOops enabled, and the Java Heap may be blocking the growth of the native heap
# Possible solutions:
#   Reduce memory load on the system
#   Increase physical memory or swap space
#   Check if swap backing store is full
#   Decrease Java heap size (-Xmx/-Xms)
#   Decrease number of Java threads
#   Decrease Java thread stack sizes (-Xss)
#   Set larger code cache with -XX:ReservedCodeCacheSize=
# This output file may be truncated or incomplete.
#
#  Out of Memory Error (./open/src/hotspot/os/windows/os_windows.cpp:3273), pid=31400, tid=25588
#
# JRE version:  (11.0.10+8) (build )
# Java VM: Java HotSpot(TM) 64-Bit Server VM (11.0.10+8-LTS-162, mixed mode, sharing, tiered, compressed oops, g1 gc, windows-amd64)
# No core dump will be written. Minidumps are not enabled by default on client versions of Windows
#

---------------  S U M M A R Y ------------

Command Line: -Dorg.gradle.internal.worker.tmpdir=C:\Users\carax\Desktop\SideProject\SFDB-Project\back\build\tmp\test\work -Dorg.gradle.native=false -Xmx512m -Dfile.encoding=x-windows-949 -Duser.country=KR -Duser.language=ko -Duser.variant -ea worker.org.gradle.process.internal.worker.GradleWorkerMain 'Gradle Test Executor 1'

Host: AMD Ryzen 5 3500U with Radeon Vega Mobile Gfx  , 8 cores, 13G,  Windows 10 , 64 bit Build 22000 (10.0.22000.2360)
Time: Fri Sep 22 13:53:47 2023 대한민국 표준시 elapsed time: 0.125696 seconds (0d 0h 0m 0s)

---------------  T H R E A D  ---------------

Current thread (0x000002d6533c9800):  JavaThread "Unknown thread" [_thread_in_vm, id=25588, stack(0x000000f39c200000,0x000000f39c300000)]

Stack: [0x000000f39c200000,0x000000f39c300000]
Native frames: (J=compiled Java code, j=interpreted, Vv=VM code, C=native code)
V  [jvm.dll+0x613e6a]
V  [jvm.dll+0x74c1ff]
V  [jvm.dll+0x74d885]
V  [jvm.dll+0x74df03]
V  [jvm.dll+0x243b78]
V  [jvm.dll+0x61125a]
V  [jvm.dll+0x606165]
V  [jvm.dll+0x2f85fc]
V  [jvm.dll+0x2f8482]
V  [jvm.dll+0x2fd136]
V  [jvm.dll+0x33f6bf]
V  [jvm.dll+0x33f0f0]
V  [jvm.dll+0x2d5d08]
V  [jvm.dll+0x2d6e66]
V  [jvm.dll+0x727d17]
V  [jvm.dll+0x7295bf]
V  [jvm.dll+0x34c4a9]
V  [jvm.dll+0x70d6b0]
V  [jvm.dll+0x3b584f]
V  [jvm.dll+0x3b7951]
C  [jli.dll+0x520b]
C  [ucrtbase.dll+0x26c0c]
C  [KERNEL32.DLL+0x153e0]
C  [ntdll.dll+0x485b]


---------------  P R O C E S S  ---------------

Threads class SMR info:
_java_thread_list=0x000002d6512345d0, length=0, elements={
}

Java Threads: ( => current thread )

Other Threads:
  0x000002d6533df800 GCTaskThread "GC Thread#0" [stack: 0x000000f39c300000,0x000000f39c400000] [id=32000]
  0x000002d6533ef000 ConcurrentGCThread "G1 Main Marker" [stack: 0x000000f39c400000,0x000000f39c500000] [id=22708]
  0x000002d6533f0800 ConcurrentGCThread "G1 Conc#0" [stack: 0x000000f39c500000,0x000000f39c600000] [id=34840]

[error occurred during error reporting (printing all threads), id 0xc0000005, EXCEPTION_ACCESS_VIOLATION (0xc0000005) at pc=0x00007ffa016d4f57]

VM state:not at safepoint (not fully initialized)

VM Mutex/Monitor currently owned by a thread:  ([mutex/lock_event])
[0x000002d6533c5f30] Heap_lock - owner thread: 0x000002d6533c9800

Heap address: 0x00000000e0000000, size: 512 MB, Compressed Oops mode: Non-zero based: 0x00000000e0000000
Narrow klass base: 0x0000000000000000, Narrow klass shift: 0

GC Heap History (0 events):
No events

Deoptimization events (0 events):
No events

Classes redefined (0 events):
No events

Internal exceptions (0 events):
No events

Events (0 events):
No events


Dynamic libraries:
0x00007ff60cec0000 - 0x00007ff60cecf000 	C:\Program Files\Java\jdk-11.0.10\bin\java.exe
0x00007ffa4cd80000 - 0x00007ffa4cf89000 	C:\WINDOWS\SYSTEM32\ntdll.dll
0x00007ffa4b750000 - 0x00007ffa4b80d000 	C:\WINDOWS\System32\KERNEL32.DLL
0x00007ffa4a3f0000 - 0x00007ffa4a774000 	C:\WINDOWS\System32\KERNELBASE.dll
0x00007ffa4a800000 - 0x00007ffa4a911000 	C:\WINDOWS\System32\ucrtbase.dll
0x00007ffa46330000 - 0x00007ffa46345000 	C:\Program Files\Java\jdk-11.0.10\bin\VCRUNTIME140.dll
0x00007ffa461c0000 - 0x00007ffa461d8000 	C:\Program Files\Java\jdk-11.0.10\bin\jli.dll
0x00007ffa4b5e0000 - 0x00007ffa4b68e000 	C:\WINDOWS\System32\ADVAPI32.dll
0x00007ffa4b690000 - 0x00007ffa4b733000 	C:\WINDOWS\System32\msvcrt.dll
0x00007ffa4aed0000 - 0x00007ffa4af6e000 	C:\WINDOWS\System32\sechost.dll
0x00007ffa4c910000 - 0x00007ffa4ca31000 	C:\WINDOWS\System32\RPCRT4.dll
0x00007ffa4bd20000 - 0x00007ffa4becd000 	C:\WINDOWS\System32\USER32.dll
0x00007ffa4ab00000 - 0x00007ffa4ab26000 	C:\WINDOWS\System32\win32u.dll
0x00007ffa4bf10000 - 0x00007ffa4bf3a000 	C:\WINDOWS\System32\GDI32.dll
0x00007ffa38440000 - 0x00007ffa386e5000 	C:\WINDOWS\WinSxS\amd64_microsoft.windows.common-controls_6595b64144ccf1df_6.0.22000.120_none_9d947278b86cc467\COMCTL32.dll
0x00007ffa4a9e0000 - 0x00007ffa4aafe000 	C:\WINDOWS\System32\gdi32full.dll
0x00007ffa4ab30000 - 0x00007ffa4abcd000 	C:\WINDOWS\System32\msvcp_win.dll
0x00007ffa45150000 - 0x00007ffa4515a000 	C:\WINDOWS\SYSTEM32\VERSION.dll
0x00007ffa4bed0000 - 0x00007ffa4bf01000 	C:\WINDOWS\System32\IMM32.DLL
0x00007ffa2f200000 - 0x00007ffa2f29b000 	C:\Program Files\Java\jdk-11.0.10\bin\msvcp140.dll
0x00007ffa013f0000 - 0x00007ffa01eeb000 	C:\Program Files\Java\jdk-11.0.10\bin\server\jvm.dll
0x00007ffa4ae40000 - 0x00007ffa4ae48000 	C:\WINDOWS\System32\PSAPI.DLL
0x00007ffa373f0000 - 0x00007ffa373f9000 	C:\WINDOWS\SYSTEM32\WSOCK32.dll
0x00007ffa4caa0000 - 0x00007ffa4cb0f000 	C:\WINDOWS\System32\WS2_32.dll
0x00007ffa45a20000 - 0x00007ffa45a53000 	C:\WINDOWS\SYSTEM32\WINMM.dll
0x00007ffa492f0000 - 0x00007ffa49308000 	C:\WINDOWS\SYSTEM32\kernel.appcore.dll
0x00007ffa461f0000 - 0x00007ffa46200000 	C:\Program Files\Java\jdk-11.0.10\bin\verify.dll
0x00007ffa475c0000 - 0x00007ffa477e1000 	C:\WINDOWS\SYSTEM32\DBGHELP.DLL
0x00007ffa37b00000 - 0x00007ffa37b31000 	C:\WINDOWS\SYSTEM32\dbgcore.DLL
0x00007ffa4a780000 - 0x00007ffa4a7ff000 	C:\WINDOWS\System32\bcryptPrimitives.dll
0x00007ffa31bd0000 - 0x00007ffa31bf8000 	C:\Program Files\Java\jdk-11.0.10\bin\java.dll
0x00007ffa447e0000 - 0x00007ffa447ea000 	C:\Program Files\Java\jdk-11.0.10\bin\jimage.dll
0x00007ffa30880000 - 0x00007ffa30896000 	C:\Program Files\Java\jdk-11.0.10\bin\zip.dll

dbghelp: loaded successfully - version: 4.0.5 - missing functions: none
symbol engine: initialized successfully - sym options: 0x614 - pdb path: .;C:\Program Files\Java\jdk-11.0.10\bin;C:\WINDOWS\SYSTEM32;C:\WINDOWS\WinSxS\amd64_microsoft.windows.common-controls_6595b64144ccf1df_6.0.22000.120_none_9d947278b86cc467;C:\Program Files\Java\jdk-11.0.10\bin\server

VM Arguments:
jvm_args: -Dorg.gradle.internal.worker.tmpdir=C:\Users\carax\Desktop\SideProject\SFDB-Project\back\build\tmp\test\work -Dorg.gradle.native=false -Xmx512m -Dfile.encoding=x-windows-949 -Duser.country=KR -Duser.language=ko -Duser.variant -ea 
java_command: worker.org.gradle.process.internal.worker.GradleWorkerMain 'Gradle Test Executor 1'
java_class_path (initial): C:\\Users\\carax\\.gradle\\caches\\8.1.1\\workerMain\\gradle-worker.jar;C:\\Users\\carax\\Desktop\\SideProject\\SFDB-Project\\back\\build\\classes\\java\\test;C:\\Users\\carax\\Desktop\\SideProject\\SFDB-Project\\back\\build\\classes\\java\\main;C:\\Users\\carax\\Desktop\\SideProject\\SFDB-Project\\back\\build\\resources\\main;C:\\Users\\carax\\.gradle\\caches\\modules-2\\files-2.1\\org.springframework.boot\\spring-boot-starter-data-jdbc\\2.7.14-SNAPSHOT\\5d376e550051b156d22b74d1e80639a9b11ad60d\\spring-boot-starter-data-jdbc-2.7.14-SNAPSHOT.jar;C:\\Users\\carax\\.gradle\\caches\\modules-2\\files-2.1\\org.mybatis.spring.boot\\mybatis-spring-boot-starter\\2.2.0\\1543d9566e2acaa7230cd8996237a291603ac21f\\mybatis-spring-boot-starter-2.2.0.jar;C:\\Users\\carax\\.gradle\\caches\\modules-2\\files-2.1\\org.springframework.boot\\spring-boot-starter-jdbc\\2.7.14-SNAPSHOT\\1a6fc5245f9875f0d1d338e476ae5433a1a82ca5\\spring-boot-starter-jdbc-2.7.14-SNAPSHOT.jar;C:\\Users\\carax\\.gradle\\caches\\modules-2\\files-2.1\\org.springframework.boot\\spring-boot-starter-web\\2.7.14-SNAPSHOT\\5b50b64f9d94f29efbf5ff03a60cbfc61ab82bc1\\spring-boot-starter-web-2.7.14-SNAPSHOT.jar;C:\\Users\\carax\\.gradle\\caches\\modules-2\\files-2.1\\org.springframework.boot\\spring-boot-starter-oauth2-client\\2.5.5\\d8c572f7e77fd55ce425b4d5cf4d9a4c88191ff6\\spring-boot-starter-oauth2-client-2.5.5.jar;C:\\Users\\carax\\.gradle\\caches\\modules-2\\files-2.1\\org.springframework.security\\spring-security-config\\5.7.10-SNAPSHOT\\6a8f4dd34078b9f7469e0ef015d5936204c868a3\\spring-security-config-5.7.10-SNAPSHOT.jar;C:\\Users\\carax\\.gradle\\caches\\modules-2\\files-2.1\\org.springframework.security\\spring-security-oauth2-client\\5.7.10-SNAPSHOT\\23c252336f77baccf6eb7dec77645739262d8d5a\\spring-security-oauth2-client-5.7.10-SNAPSHOT.jar;C:\\Users\\carax\\.gradle\\caches\\modules-2\\files-2.1\\org.springframework.security\\spring-security-oauth2-jose\\5.7.10-SNAPSHOT\\c6bcf9a3ab8b0
Launcher Type: SUN_STANDARD

[Global flags]
     intx CICompilerCount                          = 4                                         {product} {ergonomic}
     uint ConcGCThreads                            = 2                                         {product} {ergonomic}
     uint G1ConcRefinementThreads                  = 8                                         {product} {ergonomic}
   size_t G1HeapRegionSize                         = 1048576                                   {product} {ergonomic}
    uintx GCDrainStackTargetSize                   = 64                                        {product} {ergonomic}
   size_t InitialHeapSize                          = 234881024                                 {product} {ergonomic}
   size_t MarkStackSize                            = 4194304                                   {product} {ergonomic}
   size_t MaxHeapSize                              = 536870912                                 {product} {command line}
   size_t MinHeapDeltaBytes                        = 1048576                                   {product} {ergonomic}
    uintx NonNMethodCodeHeapSize                   = 5836300                                {pd product} {ergonomic}
    uintx NonProfiledCodeHeapSize                  = 122910970                              {pd product} {ergonomic}
    uintx ProfiledCodeHeapSize                     = 122910970                              {pd product} {ergonomic}
    uintx ReservedCodeCacheSize                    = 251658240                              {pd product} {ergonomic}
     bool SegmentedCodeCache                       = true                                      {product} {ergonomic}
     bool UseCompressedClassPointers               = true                                 {lp64_product} {ergonomic}
     bool UseCompressedOops                        = true                                 {lp64_product} {ergonomic}
     bool UseG1GC                                  = true                                      {product} {ergonomic}
     bool UseLargePagesIndividualAllocation        = false                                  {pd product} {ergonomic}

Logging:
Log output configuration:
 #0: stdout all=warning uptime,level,tags
 #1: stderr all=off uptime,level,tags

Environment Variables:
JAVA_HOME=C:\Program Files\Java\jdk-11.0.10
CLASSPATH=C:\Users\carax\Desktop\SideProject\SFDB-Project\back\\gradle\wrapper\gradle-wrapper.jar
PATH=C:\cmder\vendor\conemu-maximus5\ConEmu\Scripts;C:\cmder\vendor\conemu-maximus5;C:\cmder\vendor\conemu-maximus5\ConEmu;C:\Program Files\Common Files\Oracle\Java\javapath;C:\app\carax\product\11.1.0\db_1\bin;C:\Program Files (x86)\NAT Service;C:\Program Files (x86)\Common Files\Intel\Shared Libraries\redist\intel64\compiler;C:\Program Files (x86)\Common Files\Oracle\Java\javapath;C:\WINDOWS\system32;C:\WINDOWS;C:\WINDOWS\System32\Wbem;"C:\WINDOWS\System32\WindowsPowerShell\v1.0\;C:\Program Files\Java\jdk-19\bin";C:\WINDOWS\System32\OpenSSH\;C:\Program Files (x86)\Windows Live\Shared;C:\Program Files\Git\cmd;C:\Program Files\nodejs\;C:\Program Files\MySQL\MySQL Server 8.1\bin;C:\Program Files\PuTTY\;C:\Program Files\Java\jdk-11.0.10\bin;C:\Users\carax\AppData\Local\Microsoft\WindowsApps;C:\Users\carax\AppData\Local\Programs\Microsoft VS Code\bin;C:\Users\carax\AppData\Roaming\npm;C:\Users\carax\AppData\Local\Google\Cloud SDK\google-cloud-sdk\bin;C:\Program Files\heroku\bin
USERNAME=carax
OS=Windows_NT
PROCESSOR_IDENTIFIER=AMD64 Family 23 Model 24 Stepping 1, AuthenticAMD



---------------  S Y S T E M  ---------------

OS: Windows 10 , 64 bit Build 22000 (10.0.22000.2360)

CPU:total 8 (initial active 8) (8 cores per cpu, 2 threads per core) family 23 model 24 stepping 1 microcode 0x0, cmov, cx8, fxsr, mmx, sse, sse2, sse3, ssse3, sse4.1, sse4.2, popcnt, avx, avx2, aes, clmul, mmxext, 3dnowpref, lzcnt, sse4a, ht, tsc, tscinvbit, tscinv, bmi1, bmi2, adx, s

Memory: 4k page, system-wide physical 14213M (1681M free)
TotalPageFile size 14213M (AvailPageFile size 218M)
current process WorkingSet (physical memory assigned to process): 10M, peak: 10M
current process commit charge ("private bytes"): 59M, peak: 283M

vm_info: Java HotSpot(TM) 64-Bit Server VM (11.0.10+8-LTS-162) for windows-amd64 JRE (11.0.10+8-LTS-162), built on Dec  8 2020 16:32:57 by "mach5one" with MS VC++ 15.9 (VS2017)

END.
