#
# There is insufficient memory for the Java Runtime Environment to continue.
# Native memory allocation (mmap) failed to map 234881024 bytes for Failed to commit area from 0x0000000721e00000 to 0x000000072fe00000 of length 234881024.
# Possible reasons:
#   The system is out of physical RAM or swap space
#   The process is running with CompressedOops enabled, and the Java Heap may be blocking the growth of the native heap
# Possible solutions:
#   Reduce memory load on the system
#   Increase physical memory or swap space
#   Check if swap backing store is full
#   Decrease Java heap size (-Xmx/-Xms)
#   Decrease number of Java threads
#   Decrease Java thread stack sizes (-Xss)
#   Set larger code cache with -XX:ReservedCodeCacheSize=
# This output file may be truncated or incomplete.
#
#  Out of Memory Error (./open/src/hotspot/os/windows/os_windows.cpp:3273), pid=3004, tid=11148
#
# JRE version:  (11.0.10+8) (build )
# Java VM: Java HotSpot(TM) 64-Bit Server VM (11.0.10+8-LTS-162, mixed mode, sharing, tiered, compressed oops, g1 gc, windows-amd64)
# No core dump will be written. Minidumps are not enabled by default on client versions of Windows
#

---------------  S U M M A R Y ------------

Command Line: -Dcom.sun.management.jmxremote -Dcom.sun.management.jmxremote.port=1811 -Dcom.sun.management.jmxremote.authenticate=false -Dcom.sun.management.jmxremote.ssl=false -Djava.rmi.server.hostname=localhost -Dspring.jmx.enabled=true -Dmanagement.endpoints.jmx.exposure.include=* -Dspring.application.admin.enabled=true -XX:TieredStopAtLevel=1 -Dspring.boot.project.name=back -Dfile.encoding=UTF-8 com.back.BackApplication --spring.output.ansi.enabled=always

Host: AMD Ryzen 5 3500U with Radeon Vega Mobile Gfx  , 8 cores, 13G,  Windows 10 , 64 bit Build 22000 (10.0.22000.2124)
Time: Fri Jul 28 16:07:26 2023 대한민국 표준시 elapsed time: 0.068964 seconds (0d 0h 0m 0s)

---------------  T H R E A D  ---------------

Current thread (0x00000228623b8000):  JavaThread "Unknown thread" [_thread_in_vm, id=11148, stack(0x0000005abe500000,0x0000005abe600000)]

Stack: [0x0000005abe500000,0x0000005abe600000]
Native frames: (J=compiled Java code, j=interpreted, Vv=VM code, C=native code)
V  [jvm.dll+0x613e6a]
V  [jvm.dll+0x74c1ff]
V  [jvm.dll+0x74d885]
V  [jvm.dll+0x74df03]
V  [jvm.dll+0x243b78]
V  [jvm.dll+0x61125a]
V  [jvm.dll+0x606165]
V  [jvm.dll+0x2f85fc]
V  [jvm.dll+0x2f8482]
V  [jvm.dll+0x2fd136]
V  [jvm.dll+0x33f6bf]
V  [jvm.dll+0x33f0f0]
V  [jvm.dll+0x2d5d08]
V  [jvm.dll+0x2d6e66]
V  [jvm.dll+0x727d17]
V  [jvm.dll+0x7295bf]
V  [jvm.dll+0x34c4a9]
V  [jvm.dll+0x70d6b0]
V  [jvm.dll+0x3b584f]
V  [jvm.dll+0x3b7951]
C  [jli.dll+0x520b]
C  [ucrtbase.dll+0x26c0c]
C  [KERNEL32.DLL+0x155a0]
C  [ntdll.dll+0x485b]


---------------  P R O C E S S  ---------------

Threads class SMR info:
_java_thread_list=0x00000228600c9ee0, length=0, elements={
}

Java Threads: ( => current thread )

Other Threads:
  0x00000228623cf000 GCTaskThread "GC Thread#0" [stack: 0x0000005abe600000,0x0000005abe700000] [id=10864]
  0x0000022862423000 ConcurrentGCThread "G1 Main Marker" [stack: 0x0000005abe700000,0x0000005abe800000] [id=15032]
  0x0000022862425000 ConcurrentGCThread "G1 Conc#0" [stack: 0x0000005abe800000,0x0000005abe900000] [id=21848]

[error occurred during error reporting (printing all threads), id 0xc0000005, EXCEPTION_ACCESS_VIOLATION (0xc0000005) at pc=0x00007ffd2fee4f57]

VM state:not at safepoint (not fully initialized)

VM Mutex/Monitor currently owned by a thread:  ([mutex/lock_event])
[0x00000228623b4700] Heap_lock - owner thread: 0x00000228623b8000

Heap address: 0x0000000721e00000, size: 3554 MB, Compressed Oops mode: Non-zero based: 0x0000000721e00000
Narrow klass base: 0x0000000000000000, Narrow klass shift: 0

GC Heap History (0 events):
No events

Deoptimization events (0 events):
No events

Classes redefined (0 events):
No events

Internal exceptions (0 events):
No events

Events (0 events):
No events


Dynamic libraries:
0x00007ff6512a0000 - 0x00007ff6512af000 	C:\Program Files\Java\jdk-11.0.10\bin\javaw.exe
0x00007ffdb7160000 - 0x00007ffdb7369000 	C:\WINDOWS\SYSTEM32\ntdll.dll
0x00007ffdb5f30000 - 0x00007ffdb5fee000 	C:\WINDOWS\System32\KERNEL32.DLL
0x00007ffdb48f0000 - 0x00007ffdb4c74000 	C:\WINDOWS\System32\KERNELBASE.dll
0x00007ffdb47d0000 - 0x00007ffdb48e1000 	C:\WINDOWS\System32\ucrtbase.dll
0x00007ffdb09c0000 - 0x00007ffdb09d5000 	C:\Program Files\Java\jdk-11.0.10\bin\VCRUNTIME140.dll
0x00007ffdb08c0000 - 0x00007ffdb08d8000 	C:\Program Files\Java\jdk-11.0.10\bin\jli.dll
0x00007ffdb6e00000 - 0x00007ffdb6eaf000 	C:\WINDOWS\System32\ADVAPI32.dll
0x00007ffdb5750000 - 0x00007ffdb57f3000 	C:\WINDOWS\System32\msvcrt.dll
0x00007ffdb7080000 - 0x00007ffdb711e000 	C:\WINDOWS\System32\sechost.dll
0x00007ffdb6220000 - 0x00007ffdb6341000 	C:\WINDOWS\System32\RPCRT4.dll
0x00007ffdb6eb0000 - 0x00007ffdb705d000 	C:\WINDOWS\System32\USER32.dll
0x00007ffdb4ec0000 - 0x00007ffdb4ee6000 	C:\WINDOWS\System32\win32u.dll
0x00007ffdb51b0000 - 0x00007ffdb51da000 	C:\WINDOWS\System32\GDI32.dll
0x00007ffda3360000 - 0x00007ffda3605000 	C:\WINDOWS\WinSxS\amd64_microsoft.windows.common-controls_6595b64144ccf1df_6.0.22000.120_none_9d947278b86cc467\COMCTL32.dll
0x00007ffdb4da0000 - 0x00007ffdb4ebf000 	C:\WINDOWS\System32\gdi32full.dll
0x00007ffdb4c80000 - 0x00007ffdb4d1d000 	C:\WINDOWS\System32\msvcp_win.dll
0x00007ffdaf620000 - 0x00007ffdaf62a000 	C:\WINDOWS\SYSTEM32\VERSION.dll
0x00007ffdb5c70000 - 0x00007ffdb5ca1000 	C:\WINDOWS\System32\IMM32.DLL
0x00007ffda5510000 - 0x00007ffda55ab000 	C:\Program Files\Java\jdk-11.0.10\bin\msvcp140.dll
0x00007ffd2fc00000 - 0x00007ffd306fb000 	C:\Program Files\Java\jdk-11.0.10\bin\server\jvm.dll
0x00007ffdb6350000 - 0x00007ffdb6358000 	C:\WINDOWS\System32\PSAPI.DLL
0x00007ffd9fd40000 - 0x00007ffd9fd49000 	C:\WINDOWS\SYSTEM32\WSOCK32.dll
0x00007ffdb4fb0000 - 0x00007ffdb501f000 	C:\WINDOWS\System32\WS2_32.dll
0x00007ffdafaa0000 - 0x00007ffdafad3000 	C:\WINDOWS\SYSTEM32\WINMM.dll
0x00007ffdb36c0000 - 0x00007ffdb36d8000 	C:\WINDOWS\SYSTEM32\kernel.appcore.dll
0x00007ffdb0ba0000 - 0x00007ffdb0bb0000 	C:\Program Files\Java\jdk-11.0.10\bin\verify.dll
0x00007ffdb2300000 - 0x00007ffdb2521000 	C:\WINDOWS\SYSTEM32\DBGHELP.DLL
0x00007ffd9ffd0000 - 0x00007ffda0001000 	C:\WINDOWS\SYSTEM32\dbgcore.DLL
0x00007ffdb4d20000 - 0x00007ffdb4d9f000 	C:\WINDOWS\System32\bcryptPrimitives.dll
0x00007ffda8100000 - 0x00007ffda8128000 	C:\Program Files\Java\jdk-11.0.10\bin\java.dll
0x00007ffdb0b20000 - 0x00007ffdb0b2a000 	C:\Program Files\Java\jdk-11.0.10\bin\jimage.dll
0x00007ffda7e90000 - 0x00007ffda7ea6000 	C:\Program Files\Java\jdk-11.0.10\bin\zip.dll

dbghelp: loaded successfully - version: 4.0.5 - missing functions: none
symbol engine: initialized successfully - sym options: 0x614 - pdb path: .;C:\Program Files\Java\jdk-11.0.10\bin;C:\WINDOWS\SYSTEM32;C:\WINDOWS\WinSxS\amd64_microsoft.windows.common-controls_6595b64144ccf1df_6.0.22000.120_none_9d947278b86cc467;C:\Program Files\Java\jdk-11.0.10\bin\server

VM Arguments:
jvm_args: -Dcom.sun.management.jmxremote -Dcom.sun.management.jmxremote.port=1811 -Dcom.sun.management.jmxremote.authenticate=false -Dcom.sun.management.jmxremote.ssl=false -Djava.rmi.server.hostname=localhost -Dspring.jmx.enabled=true -Dmanagement.endpoints.jmx.exposure.include=* -Dspring.application.admin.enabled=true -XX:TieredStopAtLevel=1 -Dspring.boot.project.name=back -Dfile.encoding=UTF-8 
java_command: com.back.BackApplication --spring.output.ansi.enabled=always
java_class_path (initial): C:\Users\carax\Desktop\사이드 프로젝트\SFDB-Project\back\bin\main;C:\Users\carax\.gradle\caches\modules-2\files-2.1\org.projectlombok\lombok\1.18.28\a2ff5da8bcd8b1b26f36b806ced63213362c6dcc\lombok-1.18.28.jar;C:\Users\carax\.gradle\caches\modules-2\files-2.1\org.springframework.boot\spring-boot-starter-data-jdbc\2.7.14-SNAPSHOT\5d376e550051b156d22b74d1e80639a9b11ad60d\spring-boot-starter-data-jdbc-2.7.14-SNAPSHOT.jar;C:\Users\carax\.gradle\caches\modules-2\files-2.1\org.mybatis.spring.boot\mybatis-spring-boot-starter\2.2.0\1543d9566e2acaa7230cd8996237a291603ac21f\mybatis-spring-boot-starter-2.2.0.jar;C:\Users\carax\.gradle\caches\modules-2\files-2.1\org.springframework.boot\spring-boot-starter-jdbc\2.7.14-SNAPSHOT\1a6fc5245f9875f0d1d338e476ae5433a1a82ca5\spring-boot-starter-jdbc-2.7.14-SNAPSHOT.jar;C:\Users\carax\.gradle\caches\modules-2\files-2.1\org.springframework.boot\spring-boot-starter-web\2.7.14-SNAPSHOT\5b50b64f9d94f29efbf5ff03a60cbfc61ab82bc1\spring-boot-starter-web-2.7.14-SNAPSHOT.jar;C:\Users\carax\.gradle\caches\modules-2\files-2.1\org.mybatis.dynamic-sql\mybatis-dynamic-sql\1.5.0\46cbf8f7b251e4c05abd0bda109eaae53ec3a79e\mybatis-dynamic-sql-1.5.0.jar;C:\Users\carax\.gradle\caches\modules-2\files-2.1\org.springframework.data\spring-data-jdbc\2.4.14\e58fd694fc4d659dfd8e38bd197f2b6036c25a83\spring-data-jdbc-2.4.14.jar;C:\Users\carax\.gradle\caches\modules-2\files-2.1\org.springframework.boot\spring-boot-starter-json\2.7.14-SNAPSHOT\24f199b04114ba0057c3783d4bc80fddfc992786\spring-boot-starter-json-2.7.14-SNAPSHOT.jar;C:\Users\carax\.gradle\caches\modules-2\files-2.1\org.springframework.boot\spring-boot-starter\2.7.14-SNAPSHOT\90c8b110c059c84f717f242cac81c3543d209b6c\spring-boot-starter-2.7.14-SNAPSHOT.jar;C:\Users\carax\.gradle\caches\modules-2\files-2.1\com.zaxxer\HikariCP\4.0.3\107cbdf0db6780a065f895ae9d8fbf3bb0e1c21f\HikariCP-4.0.3.jar;C:\Users\carax\.gradle\caches\modules-2\files-2.1\org.springframework\spring-jdbc\5.3.29\25c
Launcher Type: SUN_STANDARD

[Global flags]
     intx CICompilerCount                          = 4                                         {product} {ergonomic}
     uint ConcGCThreads                            = 2                                         {product} {ergonomic}
     uint G1ConcRefinementThreads                  = 8                                         {product} {ergonomic}
   size_t G1HeapRegionSize                         = 1048576                                   {product} {ergonomic}
    uintx GCDrainStackTargetSize                   = 64                                        {product} {ergonomic}
   size_t InitialHeapSize                          = 234881024                                 {product} {ergonomic}
     bool ManagementServer                         = true                                      {product} {command line}
   size_t MarkStackSize                            = 4194304                                   {product} {ergonomic}
   size_t MaxHeapSize                              = 3726639104                                {product} {ergonomic}
   size_t MinHeapDeltaBytes                        = 1048576                                   {product} {ergonomic}
    uintx NonNMethodCodeHeapSize                   = 7549744                                {pd product} {ergonomic}
    uintx NonProfiledCodeHeapSize                  = 244108496                              {pd product} {ergonomic}
    uintx ProfiledCodeHeapSize                     = 0                                      {pd product} {ergonomic}
    uintx ReservedCodeCacheSize                    = 251658240                              {pd product} {ergonomic}
     bool SegmentedCodeCache                       = true                                      {product} {ergonomic}
     intx TieredStopAtLevel                        = 1                                         {product} {command line}
     bool UseCompressedClassPointers               = true                                 {lp64_product} {ergonomic}
     bool UseCompressedOops                        = true                                 {lp64_product} {ergonomic}
     bool UseG1GC                                  = true                                      {product} {ergonomic}
     bool UseLargePagesIndividualAllocation        = false                                  {pd product} {ergonomic}

Logging:
Log output configuration:
 #0: stdout all=warning uptime,level,tags
 #1: stderr all=off uptime,level,tags

Environment Variables:
JAVA_HOME=C:\Program Files\Java\jdk-19
CLASSPATH=C:\Users\carax\Desktop\KH정보교육원 자바\eclipse\chat\src\main\java\com\util
PATH=C:/spring-tool-suite-4-4.17.2.RELEASE/sts-4.17.2.RELEASE//plugins/org.eclipse.justj.openjdk.hotspot.jre.full.win32.x86_64_17.0.6.v20230125-1136/jre/bin/server;C:/spring-tool-suite-4-4.17.2.RELEASE/sts-4.17.2.RELEASE//plugins/org.eclipse.justj.openjdk.hotspot.jre.full.win32.x86_64_17.0.6.v20230125-1136/jre/bin;C:\Program Files\Common Files\Oracle\Java\javapath;C:\Program Files\Eclipse Adoptium\jdk-17.0.5.8-hotspot\bin;C:\app\carax\product\11.1.0\db_1\bin;C:\Program Files (x86)\NAT Service;C:\Program Files (x86)\Common Files\Intel\Shared Libraries\redist\intel64\compiler;C:\Program Files (x86)\Common Files\Oracle\Java\javapath;C:\WINDOWS\system32;C:\WINDOWS;C:\WINDOWS\System32\Wbem;"C:\WINDOWS\System32\WindowsPowerShell\v1.0\;C:\Program Files\Java\jdk-19\bin";C:\WINDOWS\System32\OpenSSH\;C:\Program Files (x86)\Windows Live\Shared;C:\Program Files\Git\cmd;C:\Program Files\nodejs\;C:\Program Files\MySQL\MySQL Server 8.1\bin;C:\Python311\Scripts\;C:\Python311\;C:\Users\carax\AppData\Local\Microsoft\WindowsApps;C:\Users\carax\AppData\Local\Programs\Microsoft VS Code\bin;C:\Users\carax\AppData\Roaming\npm;C:\spring-tool-suite-4-4.17.2.RELEASE\sts-4.17.2.RELEASE;
USERNAME=carax
OS=Windows_NT
PROCESSOR_IDENTIFIER=AMD64 Family 23 Model 24 Stepping 1, AuthenticAMD



---------------  S Y S T E M  ---------------

OS: Windows 10 , 64 bit Build 22000 (10.0.22000.2124)

CPU:total 8 (initial active 8) (8 cores per cpu, 2 threads per core) family 23 model 24 stepping 1 microcode 0x0, cmov, cx8, fxsr, mmx, sse, sse2, sse3, ssse3, sse4.1, sse4.2, popcnt, avx, avx2, aes, clmul, mmxext, 3dnowpref, lzcnt, sse4a, ht, tsc, tscinvbit, tscinv, bmi1, bmi2, adx, s

Memory: 4k page, system-wide physical 14213M (2350M free)
TotalPageFile size 14213M (AvailPageFile size 206M)
current process WorkingSet (physical memory assigned to process): 10M, peak: 10M
current process commit charge ("private bytes"): 58M, peak: 282M

vm_info: Java HotSpot(TM) 64-Bit Server VM (11.0.10+8-LTS-162) for windows-amd64 JRE (11.0.10+8-LTS-162), built on Dec  8 2020 16:32:57 by "mach5one" with MS VC++ 15.9 (VS2017)

END.
